This is XeTeX, Version 3.141592653-2.6-0.999994 (TeX Live 2022) (preloaded format=xelatex 2023.3.8)  9 MAR 2023 11:43
entering extended mode
 restricted \write18 enabled.
 %&-line parsing enabled.
**_main.tex
(./_main.tex
LaTeX2e <2022-11-01> patch level 1
L3 programming layer <2023-02-22> (/Users/user/Library/TinyTeX/texmf-dist/tex/latex/base/book.cls
Document Class: book 2022/07/02 v1.4n Standard LaTeX document class
(/Users/user/Library/TinyTeX/texmf-dist/tex/latex/base/bk10.clo
File: bk10.clo 2022/07/02 v1.4n Standard LaTeX file (size option)
)
\c@part=\count181
\c@chapter=\count182
\c@section=\count183
\c@subsection=\count184
\c@subsubsection=\count185
\c@paragraph=\count186
\c@subparagraph=\count187
\c@figure=\count188
\c@table=\count189
\abovecaptionskip=\skip48
\belowcaptionskip=\skip49
\bibindent=\dimen140
) (/Users/user/Library/TinyTeX/texmf-dist/tex/latex/amsmath/amsmath.sty
Package: amsmath 2022/04/08 v2.17n AMS math features
\@mathmargin=\skip50
For additional information on amsmath, use the `?' option.
(/Users/user/Library/TinyTeX/texmf-dist/tex/latex/amsmath/amstext.sty
Package: amstext 2021/08/26 v2.01 AMS text
(/Users/user/Library/TinyTeX/texmf-dist/tex/latex/amsmath/amsgen.sty
File: amsgen.sty 1999/11/30 v2.0 generic functions
\@emptytoks=\toks16
\ex@=\dimen141
)) (/Users/user/Library/TinyTeX/texmf-dist/tex/latex/amsmath/amsbsy.sty
Package: amsbsy 1999/11/29 v1.2d Bold Symbols
\pmbraise@=\dimen142
) (/Users/user/Library/TinyTeX/texmf-dist/tex/latex/amsmath/amsopn.sty
Package: amsopn 2022/04/08 v2.04 operator names
)
\inf@bad=\count190
LaTeX Info: Redefining \frac on input line 234.
\uproot@=\count191
\leftroot@=\count192
LaTeX Info: Redefining \overline on input line 399.
LaTeX Info: Redefining \colon on input line 410.
\classnum@=\count193
\DOTSCASE@=\count194
LaTeX Info: Redefining \ldots on input line 496.
LaTeX Info: Redefining \dots on input line 499.
LaTeX Info: Redefining \cdots on input line 620.
\Mathstrutbox@=\box51
\strutbox@=\box52
LaTeX Info: Redefining \big on input line 722.
LaTeX Info: Redefining \Big on input line 723.
LaTeX Info: Redefining \bigg on input line 724.
LaTeX Info: Redefining \Bigg on input line 725.
\big@size=\dimen143
LaTeX Font Info:    Redeclaring font encoding OML on input line 743.
LaTeX Font Info:    Redeclaring font encoding OMS on input line 744.
\macc@depth=\count195
LaTeX Info: Redefining \bmod on input line 905.
LaTeX Info: Redefining \pmod on input line 910.
LaTeX Info: Redefining \smash on input line 940.
LaTeX Info: Redefining \relbar on input line 970.
LaTeX Info: Redefining \Relbar on input line 971.
\c@MaxMatrixCols=\count196
\dotsspace@=\muskip16
\c@parentequation=\count197
\dspbrk@lvl=\count198
\tag@help=\toks17
\row@=\count199
\column@=\count266
\maxfields@=\count267
\andhelp@=\toks18
\eqnshift@=\dimen144
\alignsep@=\dimen145
\tagshift@=\dimen146
\tagwidth@=\dimen147
\totwidth@=\dimen148
\lineht@=\dimen149
\@envbody=\toks19
\multlinegap=\skip51
\multlinetaggap=\skip52
\mathdisplay@stack=\toks20
LaTeX Info: Redefining \[ on input line 2953.
LaTeX Info: Redefining \] on input line 2954.
) (/Users/user/Library/TinyTeX/texmf-dist/tex/latex/amsfonts/amssymb.sty
Package: amssymb 2013/01/14 v3.01 AMS font symbols
(/Users/user/Library/TinyTeX/texmf-dist/tex/latex/amsfonts/amsfonts.sty
Package: amsfonts 2013/01/14 v3.01 Basic AMSFonts support
\symAMSa=\mathgroup4
\symAMSb=\mathgroup5
LaTeX Font Info:    Redeclaring math symbol \hbar on input line 98.
LaTeX Font Info:    Overwriting math alphabet `\mathfrak' in version `bold'
(Font)                  U/euf/m/n --> U/euf/b/n on input line 106.
)) (/Users/user/Library/TinyTeX/texmf-dist/tex/latex/lm/lmodern.sty
Package: lmodern 2015/05/01 v1.6.1 Latin Modern Fonts
LaTeX Font Info:    Overwriting symbol font `operators' in version `normal'
(Font)                  OT1/cmr/m/n --> OT1/lmr/m/n on input line 22.
LaTeX Font Info:    Overwriting symbol font `letters' in version `normal'
(Font)                  OML/cmm/m/it --> OML/lmm/m/it on input line 23.
LaTeX Font Info:    Overwriting symbol font `symbols' in version `normal'
(Font)                  OMS/cmsy/m/n --> OMS/lmsy/m/n on input line 24.
LaTeX Font Info:    Overwriting symbol font `largesymbols' in version `normal'
(Font)                  OMX/cmex/m/n --> OMX/lmex/m/n on input line 25.
LaTeX Font Info:    Overwriting symbol font `operators' in version `bold'
(Font)                  OT1/cmr/bx/n --> OT1/lmr/bx/n on input line 26.
LaTeX Font Info:    Overwriting symbol font `letters' in version `bold'
(Font)                  OML/cmm/b/it --> OML/lmm/b/it on input line 27.
LaTeX Font Info:    Overwriting symbol font `symbols' in version `bold'
(Font)                  OMS/cmsy/b/n --> OMS/lmsy/b/n on input line 28.
LaTeX Font Info:    Overwriting symbol font `largesymbols' in version `bold'
(Font)                  OMX/cmex/m/n --> OMX/lmex/m/n on input line 29.
LaTeX Font Info:    Overwriting math alphabet `\mathbf' in version `normal'
(Font)                  OT1/cmr/bx/n --> OT1/lmr/bx/n on input line 31.
LaTeX Font Info:    Overwriting math alphabet `\mathsf' in version `normal'
(Font)                  OT1/cmss/m/n --> OT1/lmss/m/n on input line 32.
LaTeX Font Info:    Overwriting math alphabet `\mathit' in version `normal'
(Font)                  OT1/cmr/m/it --> OT1/lmr/m/it on input line 33.
LaTeX Font Info:    Overwriting math alphabet `\mathtt' in version `normal'
(Font)                  OT1/cmtt/m/n --> OT1/lmtt/m/n on input line 34.
LaTeX Font Info:    Overwriting math alphabet `\mathbf' in version `bold'
(Font)                  OT1/cmr/bx/n --> OT1/lmr/bx/n on input line 35.
LaTeX Font Info:    Overwriting math alphabet `\mathsf' in version `bold'
(Font)                  OT1/cmss/bx/n --> OT1/lmss/bx/n on input line 36.
LaTeX Font Info:    Overwriting math alphabet `\mathit' in version `bold'
(Font)                  OT1/cmr/bx/it --> OT1/lmr/bx/it on input line 37.
LaTeX Font Info:    Overwriting math alphabet `\mathtt' in version `bold'
(Font)                  OT1/cmtt/m/n --> OT1/lmtt/m/n on input line 38.
) (/Users/user/Library/TinyTeX/texmf-dist/tex/generic/iftex/iftex.sty
Package: iftex 2022/02/03 v1.0f TeX engine tests
) (/Users/user/Library/TinyTeX/texmf-dist/tex/latex/unicode-math/unicode-math.sty (/Users/user/Library/TinyTeX/texmf-dist/tex/latex/l3kernel/expl3.sty
Package: expl3 2023-02-22 L3 programming layer (loader) 
(/Users/user/Library/TinyTeX/texmf-dist/tex/latex/l3backend/l3backend-xetex.def
File: l3backend-xetex.def 2023-01-16 L3 backend support: XeTeX
\g__graphics_track_int=\count268
\l__pdf_internal_box=\box53
\g__pdf_backend_object_int=\count269
\g__pdf_backend_annotation_int=\count270
\g__pdf_backend_link_int=\count271
))
Package: unicode-math 2020/01/31 v0.8q Unicode maths in XeLaTeX and LuaLaTeX
(/Users/user/Library/TinyTeX/texmf-dist/tex/latex/unicode-math/unicode-math-xetex.sty
Package: unicode-math-xetex 2020/01/31 v0.8q Unicode maths in XeLaTeX and LuaLaTeX
(/Users/user/Library/TinyTeX/texmf-dist/tex/latex/l3packages/xparse/xparse.sty
Package: xparse 2023-02-02 L3 Experimental document command parser
) (/Users/user/Library/TinyTeX/texmf-dist/tex/latex/l3packages/l3keys2e/l3keys2e.sty
Package: l3keys2e 2023-02-02 LaTeX2e option processing using LaTeX3 keys
) (/Users/user/Library/TinyTeX/texmf-dist/tex/latex/fontspec/fontspec.sty
Package: fontspec 2022/01/15 v2.8a Font selection for XeLaTeX and LuaLaTeX
(/Users/user/Library/TinyTeX/texmf-dist/tex/latex/fontspec/fontspec-xetex.sty
Package: fontspec-xetex 2022/01/15 v2.8a Font selection for XeLaTeX and LuaLaTeX
\l__fontspec_script_int=\count272
\l__fontspec_language_int=\count273
\l__fontspec_strnum_int=\count274
\l__fontspec_tmp_int=\count275
\l__fontspec_tmpa_int=\count276
\l__fontspec_tmpb_int=\count277
\l__fontspec_tmpc_int=\count278
\l__fontspec_em_int=\count279
\l__fontspec_emdef_int=\count280
\l__fontspec_strong_int=\count281
\l__fontspec_strongdef_int=\count282
\l__fontspec_tmpa_dim=\dimen150
\l__fontspec_tmpb_dim=\dimen151
\l__fontspec_tmpc_dim=\dimen152
(/Users/user/Library/TinyTeX/texmf-dist/tex/latex/base/fontenc.sty
Package: fontenc 2021/04/29 v2.0v Standard LaTeX package
) (/Users/user/Library/TinyTeX/texmf-dist/tex/latex/fontspec/fontspec.cfg))) (/Users/user/Library/TinyTeX/texmf-dist/tex/latex/base/fix-cm.sty
Package: fix-cm 2020/11/24 v1.1t fixes to LaTeX
(/Users/user/Library/TinyTeX/texmf-dist/tex/latex/base/ts1enc.def
File: ts1enc.def 2001/06/05 v3.0e (jk/car/fm) Standard LaTeX file
LaTeX Font Info:    Redeclaring font encoding TS1 on input line 47.
))
\g__um_fam_int=\count283
\g__um_fonts_used_int=\count284
\l__um_primecount_int=\count285
\g__um_primekern_muskip=\muskip17
(/Users/user/Library/TinyTeX/texmf-dist/tex/latex/unicode-math/unicode-math-table.tex))) (/Users/user/Library/TinyTeX/texmf-dist/tex/latex/xcolor/xcolor.sty
Package: xcolor 2022/06/12 v2.14 LaTeX color extensions (UK)
(/Users/user/Library/TinyTeX/texmf-dist/tex/latex/graphics-cfg/color.cfg
File: color.cfg 2016/01/02 v1.6 sample color configuration
)
Package xcolor Info: Driver file: xetex.def on input line 227.
(/Users/user/Library/TinyTeX/texmf-dist/tex/latex/graphics-def/xetex.def
File: xetex.def 2022/09/22 v5.0n Graphics/color driver for xetex
) (/Users/user/Library/TinyTeX/texmf-dist/tex/latex/graphics/mathcolor.ltx)
Package xcolor Info: Model `cmy' substituted by `cmy0' on input line 1353.
Package xcolor Info: Model `RGB' extended on input line 1369.
Package xcolor Info: Model `HTML' substituted by `rgb' on input line 1371.
Package xcolor Info: Model `Hsb' substituted by `hsb' on input line 1372.
Package xcolor Info: Model `tHsb' substituted by `hsb' on input line 1373.
Package xcolor Info: Model `HSB' substituted by `hsb' on input line 1374.
Package xcolor Info: Model `Gray' substituted by `gray' on input line 1375.
Package xcolor Info: Model `wave' substituted by `hsb' on input line 1376.
) (/Users/user/Library/TinyTeX/texmf-dist/tex/latex/fancyvrb/fancyvrb.sty
Package: fancyvrb 2023/01/19 4.5a verbatim text (tvz,hv)
(/Users/user/Library/TinyTeX/texmf-dist/tex/latex/graphics/keyval.sty
Package: keyval 2022/05/29 v1.15 key=value parser (DPC)
\KV@toks@=\toks21
)
\FV@CodeLineNo=\count286
\FV@InFile=\read2
\FV@TabBox=\box54
\c@FancyVerbLine=\count287
\FV@StepNumber=\count288
\FV@OutFile=\write3
) (/Users/user/Library/TinyTeX/texmf-dist/tex/latex/framed/framed.sty
Package: framed 2011/10/22 v 0.96: framed or shaded text with page breaks
\OuterFrameSep=\skip53
\fb@frw=\dimen153
\fb@frh=\dimen154
\FrameRule=\dimen155
\FrameSep=\dimen156
) (/Users/user/Library/TinyTeX/texmf-dist/tex/latex/tools/longtable.sty
Package: longtable 2021-09-01 v4.17 Multi-page Table package (DPC)
\LTleft=\skip54
\LTright=\skip55
\LTpre=\skip56
\LTpost=\skip57
\LTchunksize=\count289
\LTcapwidth=\dimen157
\LT@head=\box55
\LT@firsthead=\box56
\LT@foot=\box57
\LT@lastfoot=\box58
\LT@gbox=\box59
\LT@cols=\count290
\LT@rows=\count291
\c@LT@tables=\count292
\c@LT@chunks=\count293
\LT@p@ftn=\toks22
) (/Users/user/Library/TinyTeX/texmf-dist/tex/latex/booktabs/booktabs.sty
Package: booktabs 2020/01/12 v1.61803398 Publication quality tables
\heavyrulewidth=\dimen158
\lightrulewidth=\dimen159
\cmidrulewidth=\dimen160
\belowrulesep=\dimen161
\belowbottomsep=\dimen162
\aboverulesep=\dimen163
\abovetopsep=\dimen164
\cmidrulesep=\dimen165
\cmidrulekern=\dimen166
\defaultaddspace=\dimen167
\@cmidla=\count294
\@cmidlb=\count295
\@aboverulesep=\dimen168
\@belowrulesep=\dimen169
\@thisruleclass=\count296
\@lastruleclass=\count297
\@thisrulewidth=\dimen170
) (/Users/user/Library/TinyTeX/texmf-dist/tex/latex/tools/array.sty
Package: array 2022/09/04 v2.5g Tabular extension package (FMi)
\col@sep=\dimen171
\ar@mcellbox=\box60
\extrarowheight=\dimen172
\NC@list=\toks23
\extratabsurround=\skip58
\backup@length=\skip59
\ar@cellbox=\box61
) (/Users/user/Library/TinyTeX/texmf-dist/tex/latex/tools/calc.sty
Package: calc 2017/05/25 v4.3 Infix arithmetic (KKT,FJ)
\calc@Acount=\count298
\calc@Bcount=\count299
\calc@Adimen=\dimen173
\calc@Bdimen=\dimen174
\calc@Askip=\skip60
\calc@Bskip=\skip61
LaTeX Info: Redefining \setlength on input line 80.
LaTeX Info: Redefining \addtolength on input line 81.
\calc@Ccount=\count300
\calc@Cskip=\skip62
) (/Users/user/Library/TinyTeX/texmf-dist/tex/latex/etoolbox/etoolbox.sty
Package: etoolbox 2020/10/05 v2.5k e-TeX tools for LaTeX (JAW)
\etb@tempcnta=\count301
) (/Users/user/Library/TinyTeX/texmf-dist/tex/latex/mdwtools/footnote.sty
Package: footnote 1997/01/28 1.13 Save footnotes around boxes
\fn@notes=\box62
\fn@width=\dimen175
) (/Users/user/Library/TinyTeX/texmf-dist/tex/latex/graphics/graphicx.sty
Package: graphicx 2021/09/16 v1.2d Enhanced LaTeX Graphics (DPC,SPQR)
(/Users/user/Library/TinyTeX/texmf-dist/tex/latex/graphics/graphics.sty
Package: graphics 2022/03/10 v1.4e Standard LaTeX Graphics (DPC,SPQR)
(/Users/user/Library/TinyTeX/texmf-dist/tex/latex/graphics/trig.sty
Package: trig 2021/08/11 v1.11 sin cos tan (DPC)
) (/Users/user/Library/TinyTeX/texmf-dist/tex/latex/graphics-cfg/graphics.cfg
File: graphics.cfg 2016/06/04 v1.11 sample graphics configuration
)
Package graphics Info: Driver file: xetex.def on input line 107.
)
\Gin@req@height=\dimen176
\Gin@req@width=\dimen177
) (/Users/user/Library/TinyTeX/texmf-dist/tex/latex/natbib/natbib.sty
Package: natbib 2010/09/13 8.31b (PWD, AO)
\bibhang=\skip63
\bibsep=\skip64
LaTeX Info: Redefining \cite on input line 694.
\c@NAT@ctr=\count302
) (/Users/user/Library/TinyTeX/texmf-dist/tex/latex/hyperref/hyperref.sty
Package: hyperref 2023-02-07 v7.00v Hypertext links for LaTeX
(/Users/user/Library/TinyTeX/texmf-dist/tex/generic/ltxcmds/ltxcmds.sty
Package: ltxcmds 2020-05-10 v1.25 LaTeX kernel commands for general use (HO)
) (/Users/user/Library/TinyTeX/texmf-dist/tex/generic/pdftexcmds/pdftexcmds.sty
Package: pdftexcmds 2020-06-27 v0.33 Utility functions of pdfTeX for LuaTeX (HO)
(/Users/user/Library/TinyTeX/texmf-dist/tex/generic/infwarerr/infwarerr.sty
Package: infwarerr 2019/12/03 v1.5 Providing info/warning/error messages (HO)
)
Package pdftexcmds Info: \pdf@primitive is available.
Package pdftexcmds Info: \pdf@ifprimitive is available.
Package pdftexcmds Info: \pdfdraftmode not found.
) (/Users/user/Library/TinyTeX/texmf-dist/tex/latex/kvsetkeys/kvsetkeys.sty
Package: kvsetkeys 2022-10-05 v1.19 Key value parser (HO)
) (/Users/user/Library/TinyTeX/texmf-dist/tex/generic/kvdefinekeys/kvdefinekeys.sty
Package: kvdefinekeys 2019-12-19 v1.6 Define keys (HO)
) (/Users/user/Library/TinyTeX/texmf-dist/tex/generic/pdfescape/pdfescape.sty
Package: pdfescape 2019/12/09 v1.15 Implements pdfTeX's escape features (HO)
) (/Users/user/Library/TinyTeX/texmf-dist/tex/latex/hycolor/hycolor.sty
Package: hycolor 2020-01-27 v1.10 Color options for hyperref/bookmark (HO)
) (/Users/user/Library/TinyTeX/texmf-dist/tex/latex/letltxmacro/letltxmacro.sty
Package: letltxmacro 2019/12/03 v1.6 Let assignment for LaTeX macros (HO)
) (/Users/user/Library/TinyTeX/texmf-dist/tex/latex/auxhook/auxhook.sty
Package: auxhook 2019-12-17 v1.6 Hooks for auxiliary files (HO)
) (/Users/user/Library/TinyTeX/texmf-dist/tex/latex/hyperref/nameref.sty
Package: nameref 2022-05-17 v2.50 Cross-referencing by name of section
(/Users/user/Library/TinyTeX/texmf-dist/tex/latex/refcount/refcount.sty
Package: refcount 2019/12/15 v3.6 Data extraction from label references (HO)
) (/Users/user/Library/TinyTeX/texmf-dist/tex/generic/gettitlestring/gettitlestring.sty
Package: gettitlestring 2019/12/15 v1.6 Cleanup title references (HO)
(/Users/user/Library/TinyTeX/texmf-dist/tex/latex/kvoptions/kvoptions.sty
Package: kvoptions 2022-06-15 v3.15 Key value format for package options (HO)
))
\c@section@level=\count303
)
\@linkdim=\dimen178
\Hy@linkcounter=\count304
\Hy@pagecounter=\count305
(/Users/user/Library/TinyTeX/texmf-dist/tex/latex/hyperref/pd1enc.def
File: pd1enc.def 2023-02-07 v7.00v Hyperref: PDFDocEncoding definition (HO)
) (/Users/user/Library/TinyTeX/texmf-dist/tex/generic/intcalc/intcalc.sty
Package: intcalc 2019/12/15 v1.3 Expandable calculations with integers (HO)
) (/Users/user/Library/TinyTeX/texmf-dist/tex/generic/etexcmds/etexcmds.sty
Package: etexcmds 2019/12/15 v1.7 Avoid name clashes with e-TeX commands (HO)
)
\Hy@SavedSpaceFactor=\count306
(/Users/user/Library/TinyTeX/texmf-dist/tex/latex/hyperref/puenc.def
File: puenc.def 2023-02-07 v7.00v Hyperref: PDF Unicode definition (HO)
)
Package hyperref Info: Option `unicode' set `true' on input line 4060.
Package hyperref Info: Hyper figures OFF on input line 4177.
Package hyperref Info: Link nesting OFF on input line 4182.
Package hyperref Info: Hyper index ON on input line 4185.
Package hyperref Info: Plain pages OFF on input line 4192.
Package hyperref Info: Backreferencing OFF on input line 4197.
Package hyperref Info: Implicit mode ON; LaTeX internals redefined.
Package hyperref Info: Bookmarks ON on input line 4425.
\c@Hy@tempcnt=\count307
(/Users/user/Library/TinyTeX/texmf-dist/tex/latex/url/url.sty
\Urlmuskip=\muskip18
Package: url 2013/09/16  ver 3.4  Verb mode for urls, etc.
)
LaTeX Info: Redefining \url on input line 4763.
\XeTeXLinkMargin=\dimen179
(/Users/user/Library/TinyTeX/texmf-dist/tex/generic/bitset/bitset.sty
Package: bitset 2019/12/09 v1.3 Handle bit-vector datatype (HO)
(/Users/user/Library/TinyTeX/texmf-dist/tex/generic/bigintcalc/bigintcalc.sty
Package: bigintcalc 2019/12/15 v1.5 Expandable calculations on big integers (HO)
))
\Fld@menulength=\count308
\Field@Width=\dimen180
\Fld@charsize=\dimen181
Package hyperref Info: Hyper figures OFF on input line 6042.
Package hyperref Info: Link nesting OFF on input line 6047.
Package hyperref Info: Hyper index ON on input line 6050.
Package hyperref Info: backreferencing OFF on input line 6057.
Package hyperref Info: Link coloring OFF on input line 6062.
Package hyperref Info: Link coloring with OCG OFF on input line 6067.
Package hyperref Info: PDF/A mode OFF on input line 6072.
(/Users/user/Library/TinyTeX/texmf-dist/tex/latex/base/atbegshi-ltx.sty
Package: atbegshi-ltx 2021/01/10 v1.0c Emulation of the original atbegshi
package with kernel methods
)
\Hy@abspage=\count309
\c@Item=\count310
\c@Hfootnote=\count311
)
Package hyperref Info: Driver (autodetected): hxetex.
(/Users/user/Library/TinyTeX/texmf-dist/tex/latex/hyperref/hxetex.def
File: hxetex.def 2023-02-07 v7.00v Hyperref driver for XeTeX
(/Users/user/Library/TinyTeX/texmf-dist/tex/generic/stringenc/stringenc.sty
Package: stringenc 2019/11/29 v1.12 Convert strings between diff. encodings (HO)
)
\pdfm@box=\box63
\c@Hy@AnnotLevel=\count312
\HyField@AnnotCount=\count313
\Fld@listcount=\count314
\c@bookmark@seq@number=\count315
(/Users/user/Library/TinyTeX/texmf-dist/tex/latex/rerunfilecheck/rerunfilecheck.sty
Package: rerunfilecheck 2022-07-10 v1.10 Rerun checks for auxiliary files (HO)
(/Users/user/Library/TinyTeX/texmf-dist/tex/latex/base/atveryend-ltx.sty
Package: atveryend-ltx 2020/08/19 v1.0a Emulation of the original atveryend package
with kernel methods
) (/Users/user/Library/TinyTeX/texmf-dist/tex/generic/uniquecounter/uniquecounter.sty
Package: uniquecounter 2019/12/15 v1.4 Provide unlimited unique counter (HO)
)
Package uniquecounter Info: New unique counter `rerunfilecheck' on input line 285.
)
\Hy@SectionHShift=\skip65
) (./_main.aux)
\openout1 = `_main.aux'.

LaTeX Font Info:    Checking defaults for OML/cmm/m/it on input line 122.
LaTeX Font Info:    ... okay on input line 122.
LaTeX Font Info:    Checking defaults for OMS/cmsy/m/n on input line 122.
LaTeX Font Info:    ... okay on input line 122.
LaTeX Font Info:    Checking defaults for OT1/cmr/m/n on input line 122.
LaTeX Font Info:    ... okay on input line 122.
LaTeX Font Info:    Checking defaults for T1/cmr/m/n on input line 122.
LaTeX Font Info:    ... okay on input line 122.
LaTeX Font Info:    Checking defaults for TS1/cmr/m/n on input line 122.
LaTeX Font Info:    ... okay on input line 122.
LaTeX Font Info:    Checking defaults for TU/lmr/m/n on input line 122.
LaTeX Font Info:    ... okay on input line 122.
LaTeX Font Info:    Checking defaults for OMX/cmex/m/n on input line 122.
LaTeX Font Info:    ... okay on input line 122.
LaTeX Font Info:    Checking defaults for U/cmr/m/n on input line 122.
LaTeX Font Info:    ... okay on input line 122.
LaTeX Font Info:    Checking defaults for PD1/pdf/m/n on input line 122.
LaTeX Font Info:    ... okay on input line 122.
LaTeX Font Info:    Checking defaults for PU/pdf/m/n on input line 122.
LaTeX Font Info:    ... okay on input line 122.
LaTeX Font Info:    Overwriting math alphabet `\mathrm' in version `normal'
(Font)                  OT1/lmr/m/n --> TU/lmr/m/n on input line 122.
LaTeX Font Info:    Overwriting math alphabet `\mathit' in version `normal'
(Font)                  OT1/lmr/m/it --> TU/lmr/m/it on input line 122.
LaTeX Font Info:    Overwriting math alphabet `\mathbf' in version `normal'
(Font)                  OT1/lmr/bx/n --> TU/lmr/bx/n on input line 122.
LaTeX Font Info:    Overwriting math alphabet `\mathsf' in version `normal'
(Font)                  OT1/lmss/m/n --> TU/lmss/m/n on input line 122.
LaTeX Font Info:    Overwriting math alphabet `\mathsf' in version `bold'
(Font)                  OT1/lmss/bx/n --> TU/lmss/bx/n on input line 122.
LaTeX Font Info:    Overwriting math alphabet `\mathtt' in version `normal'
(Font)                  OT1/lmtt/m/n --> TU/lmtt/m/n on input line 122.
LaTeX Font Info:    Overwriting math alphabet `\mathtt' in version `bold'
(Font)                  OT1/lmtt/m/n --> TU/lmtt/bx/n on input line 122.

Package fontspec Info: latinmodern-math scale = 0.9999964596882403.


Package fontspec Info: latinmodern-math scale = 0.9999964596882403.


Package fontspec Info: latinmodern-math scale = 0.9999964596882403.


Package fontspec Info: Font family 'latinmodern-math.otf(0)' created for font
(fontspec)             'latinmodern-math.otf' with options
(fontspec)             [Scale=MatchLowercase,BoldItalicFont={},ItalicFont={},SmallCapsFont={},Script=Math,BoldFont={latinmodern-math.otf}].
(fontspec)              
(fontspec)              This font family consists of the following NFSS
(fontspec)             series/shapes:
(fontspec)              
(fontspec)             - 'normal' (m/n) with NFSS spec.:
(fontspec)             <->s*[0.9999964596882403]"[latinmodern-math.otf]/OT:script=math;language=dflt;"
(fontspec)             - 'small caps'  (m/sc) with NFSS spec.: 
(fontspec)             - 'bold' (b/n) with NFSS spec.:
(fontspec)             <->s*[0.9999964596882403]"[latinmodern-math.otf]/OT:script=math;language=dflt;"
(fontspec)             - 'bold small caps'  (b/sc) with NFSS spec.: 

LaTeX Font Info:    Font shape `TU/latinmodern-math.otf(0)/m/n' will be
(Font)              scaled to size 10.0pt on input line 122.

Package fontspec Info: latinmodern-math scale = 0.9999964596882403.


Package fontspec Info: latinmodern-math scale = 0.9999964596882403.


Package fontspec Info: latinmodern-math scale = 0.9999964596882403.


Package fontspec Info: latinmodern-math scale = 0.9999964596882403.


Package fontspec Info: latinmodern-math scale = 0.9999964596882403.


Package fontspec Info: Font family 'latinmodern-math.otf(1)' created for font
(fontspec)             'latinmodern-math.otf' with options
(fontspec)             [Scale=MatchLowercase,BoldItalicFont={},ItalicFont={},SmallCapsFont={},Script=Math,SizeFeatures={{Size=8.5-},{Size=6-8.5,Font=latinmodern-math.otf,Style=MathScript},{Size=-6,Font=latinmodern-math.otf,Style=MathScriptScript}},BoldFont={latinmodern-math.otf}].
(fontspec)              
(fontspec)              This font family consists of the following NFSS
(fontspec)             series/shapes:
(fontspec)              
(fontspec)             - 'normal' (m/n) with NFSS spec.:
(fontspec)             <8.5->s*[0.9999964596882403]"[latinmodern-math.otf]/OT:script=math;language=dflt;"<6-8.5>s*[0.9999964596882403]"[latinmodern-math.otf]/OT:script=math;language=dflt;+ssty=0;"<-6>s*[0.9999964596882403]"[latinmodern-math.otf]/OT:script=math;language=dflt;+ssty=1;"
(fontspec)             - 'small caps'  (m/sc) with NFSS spec.: 
(fontspec)             - 'bold' (b/n) with NFSS spec.:
(fontspec)             <->s*[0.9999964596882403]"[latinmodern-math.otf]/OT:script=math;language=dflt;"
(fontspec)             - 'bold small caps'  (b/sc) with NFSS spec.: 

LaTeX Font Info:    Font shape `TU/latinmodern-math.otf(1)/m/n' will be
(Font)              scaled to size 10.0pt on input line 122.
LaTeX Font Info:    Encoding `OT1' has changed to `TU' for symbol font
(Font)              `operators' in the math version `normal' on input line 122.
LaTeX Font Info:    Overwriting symbol font `operators' in version `normal'
(Font)                  OT1/lmr/m/n --> TU/latinmodern-math.otf(1)/m/n on input line 122.
LaTeX Font Info:    Encoding `OT1' has changed to `TU' for symbol font
(Font)              `operators' in the math version `bold' on input line 122.
LaTeX Font Info:    Overwriting symbol font `operators' in version `bold'
(Font)                  OT1/lmr/bx/n --> TU/latinmodern-math.otf(1)/b/n on input line 122.

Package fontspec Info: latinmodern-math scale = 0.9999964596882403.


Package fontspec Info: latinmodern-math scale = 1.000096459334209.


Package fontspec Info: latinmodern-math scale = 0.9999964596882403.


Package fontspec Info: latinmodern-math scale = 1.000096459334209.


Package fontspec Info: latinmodern-math scale = 0.9999964596882403.


Package fontspec Info: latinmodern-math scale = 1.000096459334209.


Package fontspec Info: latinmodern-math scale = 0.9999964596882403.


Package fontspec Info: latinmodern-math scale = 1.000096459334209.


Package fontspec Info: latinmodern-math scale = 0.9999964596882403.


Package fontspec Info: latinmodern-math scale = 1.000096459334209.


Package fontspec Info: Font family 'latinmodern-math.otf(2)' created for font
(fontspec)             'latinmodern-math.otf' with options
(fontspec)             [Scale=MatchLowercase,BoldItalicFont={},ItalicFont={},SmallCapsFont={},Script=Math,SizeFeatures={{Size=8.5-},{Size=6-8.5,Font=latinmodern-math.otf,Style=MathScript},{Size=-6,Font=latinmodern-math.otf,Style=MathScriptScript}},BoldFont={latinmodern-math.otf},ScaleAgain=1.0001,FontAdjustment={\fontdimen
(fontspec)             8\font =6.77pt\relax \fontdimen 9\font =3.94pt\relax
(fontspec)             \fontdimen 10\font =4.44pt\relax \fontdimen 11\font
(fontspec)             =6.86pt\relax \fontdimen 12\font =3.45pt\relax
(fontspec)             \fontdimen 13\font =3.63pt\relax \fontdimen 14\font
(fontspec)             =3.63pt\relax \fontdimen 15\font =2.89pt\relax
(fontspec)             \fontdimen 16\font =2.47pt\relax \fontdimen 17\font
(fontspec)             =2.47pt\relax \fontdimen 18\font =2.5pt\relax
(fontspec)             \fontdimen 19\font =2.0pt\relax \fontdimen 22\font
(fontspec)             =2.5pt\relax \fontdimen 20\font =0pt\relax \fontdimen
(fontspec)             21\font =0pt\relax }].
(fontspec)              
(fontspec)              This font family consists of the following NFSS
(fontspec)             series/shapes:
(fontspec)              
(fontspec)             - 'normal' (m/n) with NFSS spec.:
(fontspec)             <8.5->s*[1.000096459334209]"[latinmodern-math.otf]/OT:script=math;language=dflt;"<6-8.5>s*[1.000096459334209]"[latinmodern-math.otf]/OT:script=math;language=dflt;+ssty=0;"<-6>s*[1.000096459334209]"[latinmodern-math.otf]/OT:script=math;language=dflt;+ssty=1;"
(fontspec)             - 'small caps'  (m/sc) with NFSS spec.: 
(fontspec)             and font adjustment code:
(fontspec)             \fontdimen 8\font =6.77pt\relax \fontdimen 9\font
(fontspec)             =3.94pt\relax \fontdimen 10\font =4.44pt\relax
(fontspec)             \fontdimen 11\font =6.86pt\relax \fontdimen 12\font
(fontspec)             =3.45pt\relax \fontdimen 13\font =3.63pt\relax
(fontspec)             \fontdimen 14\font =3.63pt\relax \fontdimen 15\font
(fontspec)             =2.89pt\relax \fontdimen 16\font =2.47pt\relax
(fontspec)             \fontdimen 17\font =2.47pt\relax \fontdimen 18\font
(fontspec)             =2.5pt\relax \fontdimen 19\font =2.0pt\relax \fontdimen
(fontspec)             22\font =2.5pt\relax \fontdimen 20\font =0pt\relax
(fontspec)             \fontdimen 21\font =0pt\relax 
(fontspec)             - 'bold' (b/n) with NFSS spec.:
(fontspec)             <->s*[1.000096459334209]"[latinmodern-math.otf]/OT:script=math;language=dflt;"
(fontspec)             - 'bold small caps'  (b/sc) with NFSS spec.: 
(fontspec)             and font adjustment code:
(fontspec)             \fontdimen 8\font =6.77pt\relax \fontdimen 9\font
(fontspec)             =3.94pt\relax \fontdimen 10\font =4.44pt\relax
(fontspec)             \fontdimen 11\font =6.86pt\relax \fontdimen 12\font
(fontspec)             =3.45pt\relax \fontdimen 13\font =3.63pt\relax
(fontspec)             \fontdimen 14\font =3.63pt\relax \fontdimen 15\font
(fontspec)             =2.89pt\relax \fontdimen 16\font =2.47pt\relax
(fontspec)             \fontdimen 17\font =2.47pt\relax \fontdimen 18\font
(fontspec)             =2.5pt\relax \fontdimen 19\font =2.0pt\relax \fontdimen
(fontspec)             22\font =2.5pt\relax \fontdimen 20\font =0pt\relax
(fontspec)             \fontdimen 21\font =0pt\relax 

LaTeX Font Info:    Encoding `OMS' has changed to `TU' for symbol font
(Font)              `symbols' in the math version `normal' on input line 122.
LaTeX Font Info:    Overwriting symbol font `symbols' in version `normal'
(Font)                  OMS/lmsy/m/n --> TU/latinmodern-math.otf(2)/m/n on input line 122.
LaTeX Font Info:    Encoding `OMS' has changed to `TU' for symbol font
(Font)              `symbols' in the math version `bold' on input line 122.
LaTeX Font Info:    Overwriting symbol font `symbols' in version `bold'
(Font)                  OMS/lmsy/b/n --> TU/latinmodern-math.otf(2)/b/n on input line 122.

Package fontspec Info: latinmodern-math scale = 0.9999964596882403.


Package fontspec Info: latinmodern-math scale = 0.9998964600422715.


Package fontspec Info: latinmodern-math scale = 0.9999964596882403.


Package fontspec Info: latinmodern-math scale = 0.9998964600422715.


Package fontspec Info: latinmodern-math scale = 0.9999964596882403.


Package fontspec Info: latinmodern-math scale = 0.9998964600422715.


Package fontspec Info: latinmodern-math scale = 0.9999964596882403.


Package fontspec Info: latinmodern-math scale = 0.9998964600422715.


Package fontspec Info: latinmodern-math scale = 0.9999964596882403.


Package fontspec Info: latinmodern-math scale = 0.9998964600422715.


Package fontspec Info: Font family 'latinmodern-math.otf(3)' created for font
(fontspec)             'latinmodern-math.otf' with options
(fontspec)             [Scale=MatchLowercase,BoldItalicFont={},ItalicFont={},SmallCapsFont={},Script=Math,SizeFeatures={{Size=8.5-},{Size=6-8.5,Font=latinmodern-math.otf,Style=MathScript},{Size=-6,Font=latinmodern-math.otf,Style=MathScriptScript}},BoldFont={latinmodern-math.otf},ScaleAgain=0.9999,FontAdjustment={\fontdimen
(fontspec)             8\font =0.4pt\relax \fontdimen 9\font =2.0pt\relax
(fontspec)             \fontdimen 10\font =1.67pt\relax \fontdimen 11\font
(fontspec)             =1.11pt\relax \fontdimen 12\font =6.0pt\relax
(fontspec)             \fontdimen 13\font =0pt\relax }].
(fontspec)              
(fontspec)              This font family consists of the following NFSS
(fontspec)             series/shapes:
(fontspec)              
(fontspec)             - 'normal' (m/n) with NFSS spec.:
(fontspec)             <8.5->s*[0.9998964600422715]"[latinmodern-math.otf]/OT:script=math;language=dflt;"<6-8.5>s*[0.9998964600422715]"[latinmodern-math.otf]/OT:script=math;language=dflt;+ssty=0;"<-6>s*[0.9998964600422715]"[latinmodern-math.otf]/OT:script=math;language=dflt;+ssty=1;"
(fontspec)             - 'small caps'  (m/sc) with NFSS spec.: 
(fontspec)             and font adjustment code:
(fontspec)             \fontdimen 8\font =0.4pt\relax \fontdimen 9\font
(fontspec)             =2.0pt\relax \fontdimen 10\font =1.67pt\relax
(fontspec)             \fontdimen 11\font =1.11pt\relax \fontdimen 12\font
(fontspec)             =6.0pt\relax \fontdimen 13\font =0pt\relax 
(fontspec)             - 'bold' (b/n) with NFSS spec.:
(fontspec)             <->s*[0.9998964600422715]"[latinmodern-math.otf]/OT:script=math;language=dflt;"
(fontspec)             - 'bold small caps'  (b/sc) with NFSS spec.: 
(fontspec)             and font adjustment code:
(fontspec)             \fontdimen 8\font =0.4pt\relax \fontdimen 9\font
(fontspec)             =2.0pt\relax \fontdimen 10\font =1.67pt\relax
(fontspec)             \fontdimen 11\font =1.11pt\relax \fontdimen 12\font
(fontspec)             =6.0pt\relax \fontdimen 13\font =0pt\relax 

LaTeX Font Info:    Encoding `OMX' has changed to `TU' for symbol font
(Font)              `largesymbols' in the math version `normal' on input line 122.
LaTeX Font Info:    Overwriting symbol font `largesymbols' in version `normal'
(Font)                  OMX/lmex/m/n --> TU/latinmodern-math.otf(3)/m/n on input line 122.
LaTeX Font Info:    Encoding `OMX' has changed to `TU' for symbol font
(Font)              `largesymbols' in the math version `bold' on input line 122.
LaTeX Font Info:    Overwriting symbol font `largesymbols' in version `bold'
(Font)                  OMX/lmex/m/n --> TU/latinmodern-math.otf(3)/b/n on input line 122.
Package hyperref Info: Link coloring OFF on input line 122.
(./_main.out) (./_main.out)
\@outlinefile=\write4
\openout4 = `_main.out'.

LaTeX Font Info:    Font shape `TU/latinmodern-math.otf(1)/m/n' will be
(Font)              scaled to size 12.0pt on input line 124.
LaTeX Font Info:    Font shape `TU/latinmodern-math.otf(1)/m/n' will be
(Font)              scaled to size 8.0pt on input line 124.
LaTeX Font Info:    Font shape `TU/latinmodern-math.otf(1)/m/n' will be
(Font)              scaled to size 6.0pt on input line 124.
LaTeX Font Info:    Trying to load font information for OML+lmm on input line 124.
(/Users/user/Library/TinyTeX/texmf-dist/tex/latex/lm/omllmm.fd
File: omllmm.fd 2015/05/01 v1.6.1 Font defs for Latin Modern
)
LaTeX Font Info:    Font shape `TU/latinmodern-math.otf(2)/m/n' will be
(Font)              scaled to size 12.0011pt on input line 124.
LaTeX Font Info:    Font shape `TU/latinmodern-math.otf(2)/m/n' will be
(Font)              scaled to size 8.00073pt on input line 124.
LaTeX Font Info:    Font shape `TU/latinmodern-math.otf(2)/m/n' will be
(Font)              scaled to size 6.00055pt on input line 124.
LaTeX Font Info:    Font shape `TU/latinmodern-math.otf(3)/m/n' will be
(Font)              scaled to size 11.99872pt on input line 124.
LaTeX Font Info:    Font shape `TU/latinmodern-math.otf(3)/m/n' will be
(Font)              scaled to size 7.99915pt on input line 124.
LaTeX Font Info:    Font shape `TU/latinmodern-math.otf(3)/m/n' will be
(Font)              scaled to size 5.99936pt on input line 124.
LaTeX Font Info:    Trying to load font information for U+msa on input line 124.
(/Users/user/Library/TinyTeX/texmf-dist/tex/latex/amsfonts/umsa.fd
File: umsa.fd 2013/01/14 v3.01 AMS symbols A
)
LaTeX Font Info:    Trying to load font information for U+msb on input line 124.
(/Users/user/Library/TinyTeX/texmf-dist/tex/latex/amsfonts/umsb.fd
File: umsb.fd 2013/01/14 v3.01 AMS symbols B
) [1


] [2

] (./_main.toc
LaTeX Font Info:    Font shape `TU/latinmodern-math.otf(1)/m/n' will be
(Font)              scaled to size 7.0pt on input line 3.
LaTeX Font Info:    Font shape `TU/latinmodern-math.otf(1)/m/n' will be
(Font)              scaled to size 5.0pt on input line 3.
LaTeX Font Info:    Font shape `TU/latinmodern-math.otf(2)/m/n' will be
(Font)              scaled to size 10.00092pt on input line 3.
LaTeX Font Info:    Font shape `TU/latinmodern-math.otf(2)/m/n' will be
(Font)              scaled to size 7.00064pt on input line 3.
LaTeX Font Info:    Font shape `TU/latinmodern-math.otf(2)/m/n' will be
(Font)              scaled to size 5.00046pt on input line 3.
LaTeX Font Info:    Font shape `TU/latinmodern-math.otf(3)/m/n' will be
(Font)              scaled to size 9.99893pt on input line 3.
LaTeX Font Info:    Font shape `TU/latinmodern-math.otf(3)/m/n' will be
(Font)              scaled to size 6.99925pt on input line 3.
LaTeX Font Info:    Font shape `TU/latinmodern-math.otf(3)/m/n' will be
(Font)              scaled to size 4.99947pt on input line 3.
)
\tf@toc=\write5
\openout5 = `_main.toc'.

[3] [4] [5

] [6]
Chapter 1.
[7

]
File: imagenes/01.png Graphic file (type bmp)
<imagenes/01.png>
File: imagenes/02.png Graphic file (type bmp)
<imagenes/02.png>
File: imagenes/03.png Graphic file (type bmp)
<imagenes/03.png>
[8] [9]
File: imagenes/04.png Graphic file (type bmp)
<imagenes/04.png>
[10]
File: imagenes/05.png Graphic file (type bmp)
<imagenes/05.png>
[11]
File: imagenes/06.png Graphic file (type bmp)
<imagenes/06.png>
File: imagenes/07.png Graphic file (type bmp)
<imagenes/07.png>
[12] [13]
File: imagenes/08.png Graphic file (type bmp)
<imagenes/08.png>
[14] [15]
Overfull \hbox (12.0pt too wide) in paragraph at lines 497--497
[]\TU/lmtt/m/n/10 ## [1] "/Users/user/Documents/proyectos/capacitacion/capacitacion_R"[] 
 []


Overfull \hbox (6.75pt too wide) in paragraph at lines 515--515
[]\TU/lmtt/m/n/10 ##  [1] "_book"               "_bookdown_files"     "_bookdown.yml"[] 
 []


Overfull \hbox (1.5pt too wide) in paragraph at lines 515--515
[]\TU/lmtt/m/n/10 ##  [7] "_output.yml"         "01_manipulacion.Rmd" "02_tarea.Rmd"[] 
 []


Overfull \hbox (1.5pt too wide) in paragraph at lines 515--515
[]\TU/lmtt/m/n/10 ## [16] "imagenes"            "index.Rmd"           "packages.bib"[] 
 []

File: imagenes/09.png Graphic file (type bmp)
<imagenes/09.png>
[16]
File: imagenes/10.png Graphic file (type bmp)
<imagenes/10.png>
[17] [18] [19] [20]
Chapter 2.
LaTeX Font Info:    Font shape `TU/lmtt/bx/n' in size <10> not available
(Font)              Font shape `TU/lmtt/b/n' tried instead on input line 653.

LaTeX Font Warning: Font shape `TU/lmtt/bx/it' in size <10> not available
(Font)              Font shape `TU/lmtt/b/sl' tried instead on input line 653.

[21

] [22] [23]
Overfull \hbox (59.25pt too wide) in paragraph at lines 876--876
[]\TU/lmtt/m/n/10 ## Warning in x + y: longer object length is not a multiple of shorter object[] 
 []

[24] [25] [26]
Underfull \hbox (badness 1354) in paragraph at lines 1089--1090
[]\TU/lmr/m/n/10 Por último, podemos evaluar el tipo/clase de objeto con las funciones
 []

[27] [28] [29] [30] [31] [32] [33] [34] [35] [36] [37] [38] [39] [40] [41] [42] [43] [44] [45] [46] [47] [48] [49] [50] [51] [52] [53] [54] [55] [56] [57] [58] [59] [60] [61] [62] [63] [64] [65] [66] [67] [68] [69] [70] [71] [72] [73] [74] [75] [76]
Overfull \hbox (27.75pt too wide) in paragraph at lines 3614--3614
[]\TU/lmtt/m/n/10 ##   c..Economía....ADE....Sociología....Magisterio.. c.25..27..25..24.[] 
 []


Overfull \hbox (27.75pt too wide) in paragraph at lines 3614--3614
[]\TU/lmtt/m/n/10 ## 1                                         Economía                25[] 
 []


Overfull \hbox (27.75pt too wide) in paragraph at lines 3614--3614
[]\TU/lmtt/m/n/10 ## 2                                              ADE                27[] 
 []


Overfull \hbox (27.75pt too wide) in paragraph at lines 3614--3614
[]\TU/lmtt/m/n/10 ## 3                                       Sociología                25[] 
 []


Overfull \hbox (27.75pt too wide) in paragraph at lines 3614--3614
[]\TU/lmtt/m/n/10 ## 4                                       Magisterio                24[] 
 []

[77] [78] [79]
Overfull \hbox (6.75pt too wide) in paragraph at lines 3809--3809
[]\TU/lmtt/m/n/10 ##  Min.   :  1.00   Min.   :  7.0   Min.   : 1.700   Min.   :56.00[] 
 []


Overfull \hbox (6.75pt too wide) in paragraph at lines 3809--3809
[]\TU/lmtt/m/n/10 ##  1st Qu.: 18.00   1st Qu.:115.8   1st Qu.: 7.400   1st Qu.:72.00[] 
 []


Overfull \hbox (6.75pt too wide) in paragraph at lines 3809--3809
[]\TU/lmtt/m/n/10 ##  Median : 31.50   Median :205.0   Median : 9.700   Median :79.00[] 
 []


Overfull \hbox (6.75pt too wide) in paragraph at lines 3809--3809
[]\TU/lmtt/m/n/10 ##  Mean   : 42.13   Mean   :185.9   Mean   : 9.958   Mean   :77.88[] 
 []


Overfull \hbox (6.75pt too wide) in paragraph at lines 3809--3809
[]\TU/lmtt/m/n/10 ##  3rd Qu.: 63.25   3rd Qu.:258.8   3rd Qu.:11.500   3rd Qu.:85.00[] 
 []


Overfull \hbox (6.75pt too wide) in paragraph at lines 3809--3809
[]\TU/lmtt/m/n/10 ##  Max.   :168.00   Max.   :334.0   Max.   :20.700   Max.   :97.00[] 
 []

[80] [81]
File: imagenes/analisis.png Graphic file (type bmp)
<imagenes/analisis.png>
[82]
Underfull \hbox (badness 2126) in paragraph at lines 3975--3981
\TU/lmtt/m/n/10 install.packages("nombre_paquete")\TU/lmr/m/n/10 ). Una vez instalados, podemos
 []


Overfull \hbox (38.25pt too wide) in paragraph at lines 4026--4026
[]\TU/lmtt/m/n/10 ## function (file, col_names = TRUE, col_types = NULL, col_select = NULL,[] 
 []


Overfull \hbox (75.0pt too wide) in paragraph at lines 4026--4026
[]\TU/lmtt/m/n/10 ##     id = NULL, locale = default_locale(), na = c("", "NA"), quoted_na = TRUE,[] 
 []


Overfull \hbox (38.25pt too wide) in paragraph at lines 4026--4026
[]\TU/lmtt/m/n/10 ##     quote = "\"", comment = "", trim_ws = TRUE, skip = 0, n_max = Inf,[] 
 []


Overfull \hbox (132.75pt too wide) in paragraph at lines 4026--4026
[]\TU/lmtt/m/n/10 ##     guess_max = min(1000, n_max), name_repair = "unique", num_threads = readr_threads(),[] 
 []


Overfull \hbox (33.0pt too wide) in paragraph at lines 4026--4026
[]\TU/lmtt/m/n/10 ##     progress = show_progress(), show_col_types = should_show_types(),[] 
 []


Overfull \hbox (17.25pt too wide) in paragraph at lines 4026--4026
[]\TU/lmtt/m/n/10 ##         tokenizer <- tokenizer_csv(na = na, quoted_na = quoted_na,[] 
 []


Overfull \hbox (6.75pt too wide) in paragraph at lines 4026--4026
[]\TU/lmtt/m/n/10 ##             quote = quote, comment = comment, trim_ws = trim_ws,[] 
 []


Overfull \hbox (33.0pt too wide) in paragraph at lines 4026--4026
[]\TU/lmtt/m/n/10 ##         return(read_delimited(file, tokenizer, col_names = col_names,[] 
 []


Overfull \hbox (6.75pt too wide) in paragraph at lines 4026--4026
[]\TU/lmtt/m/n/10 ##             col_types = col_types, locale = locale, skip = skip,[] 
 []


Overfull \hbox (12.0pt too wide) in paragraph at lines 4026--4026
[]\TU/lmtt/m/n/10 ##             skip_empty_rows = skip_empty_rows, comment = comment,[] 
 []


Overfull \hbox (38.25pt too wide) in paragraph at lines 4026--4026
[]\TU/lmtt/m/n/10 ##             n_max = n_max, guess_max = guess_max, progress = progress,[] 
 []

[83]
Overfull \hbox (64.5pt too wide) in paragraph at lines 4026--4026
[]\TU/lmtt/m/n/10 ##         lifecycle::deprecate_soft("2.0.0", "readr::read_csv(quoted_na = )")[] 
 []


Overfull \hbox (96.0pt too wide) in paragraph at lines 4026--4026
[]\TU/lmtt/m/n/10 ##     vroom::vroom(file, delim = ",", col_names = col_names, col_types = col_types,[] 
 []


Overfull \hbox (12.0pt too wide) in paragraph at lines 4026--4026
[]\TU/lmtt/m/n/10 ##         n_max = n_max, na = na, quote = quote, comment = comment,[] 
 []


Overfull \hbox (48.75pt too wide) in paragraph at lines 4026--4026
[]\TU/lmtt/m/n/10 ##         escape_double = TRUE, escape_backslash = FALSE, locale = locale,[] 
 []


Overfull \hbox (1.5pt too wide) in paragraph at lines 4026--4026
[]\TU/lmtt/m/n/10 ##         guess_max = guess_max, show_col_types = show_col_types,[] 
 []


Overfull \hbox (38.25pt too wide) in paragraph at lines 4026--4026
[]\TU/lmtt/m/n/10 ##         progress = progress, altrep = lazy, num_threads = num_threads)[] 
 []

File: imagenes/tidyverse.png Graphic file (type bmp)
<imagenes/tidyverse.png>

Overfull \hbox (693.37077pt too wide) in paragraph at lines 4049--4050
[][] 
 []


Underfull \vbox (badness 10000) has occurred while \output is active []

[84] [85] [86

]
Chapter 3.
[87]
File: imagenes/tidy.png Graphic file (type bmp)
<imagenes/tidy.png>

Overfull \hbox (90.75pt too wide) in paragraph at lines 4120--4120
[]\TU/lmtt/m/n/10 #>     Año Clave_Ent Entidad    Bien ~1 Tipo ~2 Subti~3 Modal~4 Enero Febrero Marzo[] 
 []


Overfull \hbox (90.75pt too wide) in paragraph at lines 4120--4120
[]\TU/lmtt/m/n/10 #>   <dbl>     <dbl> <chr>      <chr>   <chr>   <chr>   <chr>   <dbl>   <dbl> <dbl>[] 
 []


Overfull \hbox (90.75pt too wide) in paragraph at lines 4120--4120
[]\TU/lmtt/m/n/10 #> 1  2021         1 Aguascali~ La vid~ Homici~ Homici~ Con ar~     2       1     4[] 
 []


Overfull \hbox (90.75pt too wide) in paragraph at lines 4120--4120
[]\TU/lmtt/m/n/10 #> 2  2021         1 Aguascali~ La vid~ Homici~ Homici~ Con ar~     1       1     1[] 
 []


Overfull \hbox (90.75pt too wide) in paragraph at lines 4120--4120
[]\TU/lmtt/m/n/10 #> 3  2021         1 Aguascali~ La vid~ Homici~ Homici~ Con ot~     0       3     1[] 
 []


Overfull \hbox (90.75pt too wide) in paragraph at lines 4120--4120
[]\TU/lmtt/m/n/10 #> 4  2021         1 Aguascali~ La vid~ Homici~ Homici~ No esp~     0       0     0[] 
 []


Overfull \hbox (90.75pt too wide) in paragraph at lines 4120--4120
[]\TU/lmtt/m/n/10 #> 5  2021         1 Aguascali~ La vid~ Homici~ Homici~ Con ar~     0       0     0[] 
 []


Overfull \hbox (90.75pt too wide) in paragraph at lines 4120--4120
[]\TU/lmtt/m/n/10 #> 6  2021         1 Aguascali~ La vid~ Homici~ Homici~ Con ar~     0       0     0[] 
 []


Overfull \hbox (85.5pt too wide) in paragraph at lines 4120--4120
[]\TU/lmtt/m/n/10 #> # ... with 9 more variables: Abril <dbl>, Mayo <dbl>, Junio <dbl>, Julio <dbl>,[] 
 []


Overfull \hbox (22.5pt too wide) in paragraph at lines 4120--4120
[]\TU/lmtt/m/n/10 #> #   Agosto <dbl>, Septiembre <dbl>, Octubre <dbl>, Noviembre <dbl>,[] 
 []


Overfull \hbox (75.0pt too wide) in paragraph at lines 4120--4120
[]\TU/lmtt/m/n/10 #> #   1: `Bien jurídico afectado`, 2: `Tipo de delito`, 3: `Subtipo de delito`,[] 
 []


Overfull \hbox (90.75pt too wide) in paragraph at lines 4148--4148
[]\TU/lmtt/m/n/10 #>      Año Clave_Ent Entidad        Bien j~1 Tipo ~2 Subti~3 Modal~4 mes   total~5[] 
 []


Overfull \hbox (90.75pt too wide) in paragraph at lines 4148--4148
[]\TU/lmtt/m/n/10 #>    <dbl>     <dbl> <chr>          <chr>    <chr>   <chr>   <chr>   <chr>   <dbl>[] 
 []


Overfull \hbox (90.75pt too wide) in paragraph at lines 4148--4148
[]\TU/lmtt/m/n/10 #>  1  2021         1 Aguascalientes La vida~ Homici~ Homici~ Con ar~ Enero       2[] 
 []


Overfull \hbox (90.75pt too wide) in paragraph at lines 4148--4148
[]\TU/lmtt/m/n/10 #>  2  2021         1 Aguascalientes La vida~ Homici~ Homici~ Con ar~ Enero       1[] 
 []


Overfull \hbox (90.75pt too wide) in paragraph at lines 4148--4148
[]\TU/lmtt/m/n/10 #>  3  2021         1 Aguascalientes La vida~ Homici~ Homici~ Con ot~ Enero       0[] 
 []


Overfull \hbox (90.75pt too wide) in paragraph at lines 4148--4148
[]\TU/lmtt/m/n/10 #>  4  2021         1 Aguascalientes La vida~ Homici~ Homici~ No esp~ Enero       0[] 
 []


Overfull \hbox (90.75pt too wide) in paragraph at lines 4148--4148
[]\TU/lmtt/m/n/10 #>  5  2021         1 Aguascalientes La vida~ Homici~ Homici~ Con ar~ Enero       0[] 
 []


Overfull \hbox (90.75pt too wide) in paragraph at lines 4148--4148
[]\TU/lmtt/m/n/10 #>  6  2021         1 Aguascalientes La vida~ Homici~ Homici~ Con ar~ Enero       0[] 
 []


Overfull \hbox (90.75pt too wide) in paragraph at lines 4148--4148
[]\TU/lmtt/m/n/10 #>  7  2021         1 Aguascalientes La vida~ Homici~ Homici~ En acc~ Enero       8[] 
 []


Overfull \hbox (90.75pt too wide) in paragraph at lines 4148--4148
[]\TU/lmtt/m/n/10 #>  8  2021         1 Aguascalientes La vida~ Homici~ Homici~ Con ot~ Enero       0[] 
 []


Overfull \hbox (90.75pt too wide) in paragraph at lines 4148--4148
[]\TU/lmtt/m/n/10 #>  9  2021         1 Aguascalientes La vida~ Homici~ Homici~ No esp~ Enero       0[] 
 []


Overfull \hbox (90.75pt too wide) in paragraph at lines 4148--4148
[]\TU/lmtt/m/n/10 #> 10  2021         1 Aguascalientes La vida~ Lesion~ Lesion~ Con ar~ Enero       5[] 
 []


Overfull \hbox (90.75pt too wide) in paragraph at lines 4148--4148
[]\TU/lmtt/m/n/10 #> 11  2021         1 Aguascalientes La vida~ Lesion~ Lesion~ Con ar~ Enero       7[] 
 []

[88]
Overfull \hbox (90.75pt too wide) in paragraph at lines 4148--4148
[]\TU/lmtt/m/n/10 #> 12  2021         1 Aguascalientes La vida~ Lesion~ Lesion~ Con ot~ Enero     160[] 
 []


Overfull \hbox (90.75pt too wide) in paragraph at lines 4148--4148
[]\TU/lmtt/m/n/10 #> 13  2021         1 Aguascalientes La vida~ Lesion~ Lesion~ No esp~ Enero      56[] 
 []


Overfull \hbox (90.75pt too wide) in paragraph at lines 4148--4148
[]\TU/lmtt/m/n/10 #> 14  2021         1 Aguascalientes La vida~ Lesion~ Lesion~ Con ar~ Enero       0[] 
 []


Overfull \hbox (90.75pt too wide) in paragraph at lines 4148--4148
[]\TU/lmtt/m/n/10 #> 15  2021         1 Aguascalientes La vida~ Lesion~ Lesion~ Con ar~ Enero       0[] 
 []


Overfull \hbox (90.75pt too wide) in paragraph at lines 4148--4148
[]\TU/lmtt/m/n/10 #> 16  2021         1 Aguascalientes La vida~ Lesion~ Lesion~ En acc~ Enero      59[] 
 []


Overfull \hbox (90.75pt too wide) in paragraph at lines 4148--4148
[]\TU/lmtt/m/n/10 #> 17  2021         1 Aguascalientes La vida~ Lesion~ Lesion~ Con ot~ Enero       0[] 
 []


Overfull \hbox (90.75pt too wide) in paragraph at lines 4148--4148
[]\TU/lmtt/m/n/10 #> 18  2021         1 Aguascalientes La vida~ Lesion~ Lesion~ No esp~ Enero      18[] 
 []


Overfull \hbox (90.75pt too wide) in paragraph at lines 4148--4148
[]\TU/lmtt/m/n/10 #> 19  2021         1 Aguascalientes La vida~ Femini~ Femini~ Con ar~ Enero       0[] 
 []


Overfull \hbox (90.75pt too wide) in paragraph at lines 4148--4148
[]\TU/lmtt/m/n/10 #> 20  2021         1 Aguascalientes La vida~ Femini~ Femini~ Con ar~ Enero       1[] 
 []


Overfull \hbox (17.25pt too wide) in paragraph at lines 4148--4148
[]\TU/lmtt/m/n/10 #> # ... with abbreviated variable names 1: `Bien jurídico afectado`,[] 
 []


Overfull \hbox (85.5pt too wide) in paragraph at lines 4148--4148
[]\TU/lmtt/m/n/10 #> #   2: `Tipo de delito`, 3: `Subtipo de delito`, 4: Modalidad, 5: total_delitos[] 
 []


Overfull \hbox (90.75pt too wide) in paragraph at lines 4172--4172
[]\TU/lmtt/m/n/10 #>    Tipo de del~1 Aguas~2 Baja ~3 Baja ~4 Campe~5 Chiapas Chihu~6 Ciuda~7 Coahu~8[] 
 []


Overfull \hbox (90.75pt too wide) in paragraph at lines 4172--4172
[]\TU/lmtt/m/n/10 #>    <chr>           <dbl>   <dbl>   <dbl>   <dbl>   <dbl>   <dbl>   <dbl>   <dbl>[] 
 []


Overfull \hbox (90.75pt too wide) in paragraph at lines 4172--4172
[]\TU/lmtt/m/n/10 #>  1 Aborto              0       1       1       0       3       1       8       0[] 
 []


Overfull \hbox (90.75pt too wide) in paragraph at lines 4172--4172
[]\TU/lmtt/m/n/10 #>  2 Abuso de con~      50      29      12       0       4      60     302      52[] 
 []


Overfull \hbox (90.75pt too wide) in paragraph at lines 4172--4172
[]\TU/lmtt/m/n/10 #>  3 Abuso sexual        0      70      20       3      17     103     206      46[] 
 []


Overfull \hbox (90.75pt too wide) in paragraph at lines 4172--4172
[]\TU/lmtt/m/n/10 #>  4 Acoso sexual        0       0       8       0       7       0      86      15[] 
 []


Overfull \hbox (90.75pt too wide) in paragraph at lines 4172--4172
[]\TU/lmtt/m/n/10 #>  5 Allanamiento~      35     185       9       6       8      70      47      39[] 
 []


Overfull \hbox (90.75pt too wide) in paragraph at lines 4172--4172
[]\TU/lmtt/m/n/10 #>  6 Amenazas          227     324     102       5      26     248    1110     359[] 
 []


Overfull \hbox (90.75pt too wide) in paragraph at lines 4172--4172
[]\TU/lmtt/m/n/10 #>  7 Contra el me~       2       0       0       0       1      18      45       0[] 
 []


Overfull \hbox (90.75pt too wide) in paragraph at lines 4172--4172
[]\TU/lmtt/m/n/10 #>  8 Corrupción d~       5      50       3       0       3       5      21       3[] 
 []


Overfull \hbox (90.75pt too wide) in paragraph at lines 4172--4172
[]\TU/lmtt/m/n/10 #>  9 Daño a la pr~     317     576      85      12      67     656     697     459[] 
 []


Overfull \hbox (90.75pt too wide) in paragraph at lines 4172--4172
[]\TU/lmtt/m/n/10 #> 10 Delitos come~      47      69      18       0      10     134     307      13[] 
 []


Overfull \hbox (48.75pt too wide) in paragraph at lines 4172--4172
[]\TU/lmtt/m/n/10 #> # ... with 30 more rows, 24 more variables: Colima <dbl>, Durango <dbl>,[] 
 []


Overfull \hbox (22.5pt too wide) in paragraph at lines 4172--4172
[]\TU/lmtt/m/n/10 #> #   Guanajuato <dbl>, Guerrero <dbl>, Hidalgo <dbl>, Jalisco <dbl>,[] 
 []


Overfull \hbox (69.75pt too wide) in paragraph at lines 4172--4172
[]\TU/lmtt/m/n/10 #> #   México <dbl>, `Michoacán de Ocampo` <dbl>, Morelos <dbl>, Nayarit <dbl>,[] 
 []


Overfull \hbox (27.75pt too wide) in paragraph at lines 4172--4172
[]\TU/lmtt/m/n/10 #> #   `Nuevo León` <dbl>, Oaxaca <dbl>, Puebla <dbl>, Querétaro <dbl>,[] 
 []


Overfull \hbox (85.5pt too wide) in paragraph at lines 4172--4172
[]\TU/lmtt/m/n/10 #> #   `Quintana Roo` <dbl>, `San Luis Potosí` <dbl>, Sinaloa <dbl>, Sonora <dbl>,[] 
 []


Overfull \hbox (1.5pt too wide) in paragraph at lines 4172--4172
[]\TU/lmtt/m/n/10 #> #   `Veracruz de Ignacio de la Llave` <dbl>, Yucatán <dbl>, ...[] 
 []


Package natbib Warning: Citation `plyr' on page 89 undefined on input line 4189.


Underfull \vbox (badness 2189) has occurred while \output is active []

[89]
Underfull \hbox (badness 10000) in paragraph at lines 4199--4201

 []


Underfull \hbox (badness 10000) in paragraph at lines 4201--4203

 []

File: imagenes/split-apply-combine.png Graphic file (type bmp)
<imagenes/split-apply-combine.png>
[90]
File: imagenes/importar_RStudio.png Graphic file (type bmp)
<imagenes/importar_RStudio.png>
[91]
Underfull \vbox (badness 10000) detected at line 4364
 []


Underfull \vbox (badness 10000) detected at line 4364
 []

[92]
Underfull \vbox (badness 10000) detected at line 4364
 []


Underfull \vbox (badness 10000) detected at line 4364
 []

[93] [94] [95]
File: imagenes/transform-logical.png Graphic file (type bmp)
<imagenes/transform-logical.png>

Overfull \hbox (212.88542pt too wide) in paragraph at lines 4477--4477
 [] 
 []

File: imagenes/manicule2.jpg Graphic file (type bmp)
<imagenes/manicule2.jpg>
[96] [97]
File: imagenes/manicule2.jpg Graphic file (type bmp)
<imagenes/manicule2.jpg>
[98]
File: imagenes/manicule2.jpg Graphic file (type bmp)
<imagenes/manicule2.jpg>
[99]
File: imagenes/manicule2.jpg Graphic file (type bmp)
<imagenes/manicule2.jpg>
[100]
File: imagenes/manicule2.jpg Graphic file (type bmp)
<imagenes/manicule2.jpg>

Underfull \hbox (badness 10000) in paragraph at lines 4786--4791
\TU/lmtt/m/n/10 este  orden, de manera que un parámetro que precede a la función
 []

[101]
File: imagenes/manicule2.jpg Graphic file (type bmp)
<imagenes/manicule2.jpg>
[102] [103]
Underfull \vbox (badness 10000) detected at line 4960
 []


Underfull \vbox (badness 10000) detected at line 4960
 []

[104] [105]
File: imagenes/manicule2.jpg Graphic file (type bmp)
<imagenes/manicule2.jpg>

Package natbib Warning: Citation `tidy' on page 106 undefined on input line 5042.

[106]
Underfull \hbox (badness 10000) in paragraph at lines 5123--5126

 []

[107]
Underfull \hbox (badness 10000) in paragraph at lines 5154--5157

 []

[108]
Underfull \hbox (badness 10000) in paragraph at lines 5226--5228

 []


Underfull \hbox (badness 10000) in paragraph at lines 5228--5231

 []


Underfull \hbox (badness 10000) in paragraph at lines 5231--5234

 []

[109]
File: _main_files/figure-latex/unnamed-chunk-122-1.pdf Graphic file (type pdf)
<use _main_files/figure-latex/unnamed-chunk-122-1.pdf>

Underfull \vbox (badness 10000) has occurred while \output is active []

[110]
Overfull \vbox (1.45401pt too high) detected at line 5313
 []

[111]
File: _main_files/figure-latex/unnamed-chunk-123-1.pdf Graphic file (type pdf)
<use _main_files/figure-latex/unnamed-chunk-123-1.pdf>
[112] [113]
File: _main_files/figure-latex/unnamed-chunk-127-1.pdf Graphic file (type pdf)
<use _main_files/figure-latex/unnamed-chunk-127-1.pdf>

Underfull \vbox (badness 10000) has occurred while \output is active []

[114] [115]
File: imagenes/manicule2.jpg Graphic file (type bmp)
<imagenes/manicule2.jpg>
[116] [117]
Underfull \vbox (badness 1048) has occurred while \output is active []

[118] [119] [120] [121] [122]
Chapter 4.

Underfull \hbox (badness 10000) in paragraph at lines 5863--5865

 []

[123

] [124] [125] (./_main.bbl [126]

Package natbib Warning: Empty `thebibliography' environment on input line 8.

)

Package natbib Warning: There were undefined citations.

[127

] (./_main.aux)
Package rerunfilecheck Info: File `_main.out' has not changed.
(rerunfilecheck)             Checksum: 9B61FBFB2E97F4B0F57E8D708F5F7BEE;3682.
 ) 
Here is how much of TeX's memory you used:
 17671 strings out of 478683
 325402 string characters out of 5848287
 1874018 words of memory out of 5000000
 37515 multiletter control sequences out of 15000+600000
 518778 words of font info for 90 fonts, out of 8000000 for 9000
 14 hyphenation exceptions out of 8191
 86i,6n,121p,581b,474s stack positions out of 10000i,1000n,20000p,200000b,200000s

Output written on _main.pdf (127 pages).
